Running: /opt/Xilinx/14.7/ISE_DS/ISE/bin/lin64/unwrapped/fuse -intstyle ise -incremental -lib secureip -o /home/ise/Digital-Systems/Ahmes/TestBench_Ahmes_isim_beh.exe -prj /home/ise/Digital-Systems/Ahmes/TestBench_Ahmes_beh.prj work.TestBench_Ahmes 
ISim P.20131013 (signature 0xfbc00daa)
Number of CPUs detected in this system: 1
Turning on mult-threading, number of parallel sub-compilation jobs: 0 
Determining compilation order of HDL files
Parsing VHDL file "/home/ise/Digital-Systems/Ahmes/ipcore_dir/memoria.vhd" into library work
Parsing VHDL file "/home/ise/Digital-Systems/Ahmes/datapath.vhd" into library work
Parsing VHDL file "/home/ise/Digital-Systems/Ahmes/Controle.vhd" into library work
Parsing VHDL file "/home/ise/Digital-Systems/Ahmes/main.vhd" into library work
Parsing VHDL file "/home/ise/Digital-Systems/Ahmes/TestBench_Ahmes.vhd" into library work
Starting static elaboration
Completed static elaboration
Fuse Memory Usage: 102080 KB
Fuse CPU Usage: 580 ms
Compiling package standard
Compiling package std_logic_1164
Compiling package std_logic_arith
Compiling package std_logic_unsigned
Compiling package numeric_std
Compiling package textio
Compiling package std_logic_textio
Compiling architecture output_stage_behavioral of entity BLK_MEM_GEN_V7_3_output_stage [\BLK_MEM_GEN_V7_3_output_stage("...]
Compiling architecture softecc_output_reg_stage_behavioral of entity BLK_MEM_GEN_V7_3_softecc_output_reg_stage [\BLK_MEM_GEN_V7_3_softecc_output...]
Compiling architecture mem_module_behavioral of entity BLK_MEM_GEN_V7_3_mem_module [\BLK_MEM_GEN_V7_3_mem_module("bl...]
Compiling architecture behavioral of entity BLK_MEM_GEN_V7_3 [\BLK_MEM_GEN_V7_3("blk_mem_gen_v...]
Compiling architecture memoria_a of entity memoria [memoria_default]
Compiling architecture behavioral of entity datapath [datapath_default]
Compiling architecture behavioral of entity Controle [controle_default]
Compiling architecture behavioral of entity main [main_default]
Compiling architecture behavior of entity testbench_ahmes
Time Resolution for simulation is 1ps.
Compiled 24 VHDL Units
Built simulation executable /home/ise/Digital-Systems/Ahmes/TestBench_Ahmes_isim_beh.exe
Fuse Memory Usage: 125356 KB
Fuse CPU Usage: 850 ms
GCC CPU Usage: 630 ms
