ISim log file
Running: /home/ise/Digital-Systems/Ahmes/TestBench_Ahmes_isim_beh.exe -intstyle ise -gui -tclbatch isim.cmd -wdb /home/ise/Digital-Systems/Ahmes/TestBench_Ahmes_isim_beh.wdb 
ISim P.20131013 (signature 0xfbc00daa)
----------------------------------------------------------------------
WARNING:Security:42 - Your software subscription period has lapsed. Your current version of Xilinx tools will continue to function, but you no longer qualify for Xilinx software updates or new releases.


----------------------------------------------------------------------
This is a Full version of ISim.
Time resolution is 1 ps
# onerror resume
# wave add /
# run 1000 ns
Simulator is doing circuit initialization process.
Finished circuit initialization process.
at 535 ns(1): Note: Block Memory Generator CORE Generator module is using a behavioral model FOR simulation which will not precisely model memory collision behavior. (/testbench_ahmes/uut/PO/mem/U0/native_mem_module/mem_module/).
# restart
# run 1.00us
Simulator is doing circuit initialization process.
Finished circuit initialization process.
at 535 ns(1): Note: Block Memory Generator CORE Generator module is using a behavioral model FOR simulation which will not precisely model memory collision behavior. (/testbench_ahmes/uut/PO/mem/U0/native_mem_module/mem_module/).
# run 1.00us
# run 1.00us
# run 1.00us
# run 1.00us
# restart
# run 1.00us
Simulator is doing circuit initialization process.
Finished circuit initialization process.
at 535 ns(1): Note: Block Memory Generator CORE Generator module is using a behavioral model FOR simulation which will not precisely model memory collision behavior. (/testbench_ahmes/uut/PO/mem/U0/native_mem_module/mem_module/).
# run 1.00us
# run 1.00us
# run 1.00us
# run 1.00us
# exit 0
