Release 14.7 - xst P.20131013 (lin64)
Copyright (c) 1995-2013 Xilinx, Inc.  All rights reserved.
--> 
Parameter TMPDIR set to xst/projnav.tmp


Total REAL time to Xst completion: 1.00 secs
Total CPU time to Xst completion: 0.04 secs
 
--> 
Parameter xsthdpdir set to xst


Total REAL time to Xst completion: 1.00 secs
Total CPU time to Xst completion: 0.04 secs
 
--> 
Reading design: main.prj

TABLE OF CONTENTS
  1) Synthesis Options Summary
  2) HDL Parsing
  3) HDL Elaboration
  4) HDL Synthesis
       4.1) HDL Synthesis Report
  5) Advanced HDL Synthesis
       5.1) Advanced HDL Synthesis Report
  6) Low Level Synthesis
  7) Partition Report
  8) Design Summary
       8.1) Primitive and Black Box Usage
       8.2) Device utilization summary
       8.3) Partition Resource Summary
       8.4) Timing Report
            8.4.1) Clock Information
            8.4.2) Asynchronous Control Signals Information
            8.4.3) Timing Summary
            8.4.4) Timing Details
            8.4.5) Cross Clock Domains Report


=========================================================================
*                      Synthesis Options Summary                        *
=========================================================================
---- Source Parameters
Input File Name                    : "main.prj"
Ignore Synthesis Constraint File   : NO

---- Target Parameters
Output File Name                   : "main"
Output Format                      : NGC
Target Device                      : xc7a100tl-2L-csg324

---- Source Options
Top Module Name                    : main
Automatic FSM Extraction           : YES
FSM Encoding Algorithm             : Auto
Safe Implementation                : No
FSM Style                          : LUT
RAM Extraction                     : Yes
RAM Style                          : Auto
ROM Extraction                     : Yes
Shift Register Extraction          : YES
ROM Style                          : Auto
Resource Sharing                   : YES
Asynchronous To Synchronous        : NO
Shift Register Minimum Size        : 2
Use DSP Block                      : Auto
Automatic Register Balancing       : No

---- Target Options
LUT Combining                      : Auto
Reduce Control Sets                : Auto
Add IO Buffers                     : YES
Global Maximum Fanout              : 100000
Add Generic Clock Buffer(BUFG)     : 32
Register Duplication               : YES
Optimize Instantiated Primitives   : NO
Use Clock Enable                   : Auto
Use Synchronous Set                : Auto
Use Synchronous Reset              : Auto
Pack IO Registers into IOBs        : Auto
Equivalent register Removal        : YES

---- General Options
Optimization Goal                  : Speed
Optimization Effort                : 1
Power Reduction                    : NO
Keep Hierarchy                     : No
Netlist Hierarchy                  : As_Optimized
RTL Output                         : Yes
Global Optimization                : AllClockNets
Read Cores                         : YES
Write Timing Constraints           : NO
Cross Clock Analysis               : NO
Hierarchy Separator                : /
Bus Delimiter                      : <>
Case Specifier                     : Maintain
Slice Utilization Ratio            : 100
BRAM Utilization Ratio             : 100
DSP48 Utilization Ratio            : 100
Auto BRAM Packing                  : NO
Slice Utilization Ratio Delta      : 5

---- Other Options
Cores Search Directories           : {"ipcore_dir"  }

=========================================================================


=========================================================================
*                          HDL Parsing                                  *
=========================================================================
Parsing VHDL file "/home/ise/Pasta_Compartilhada_SD/Ahmes/ipcore_dir/memoria.vhd" into library work
Parsing entity <memoria>.
Parsing architecture <memoria_a> of entity <memoria>.
Parsing VHDL file "/home/ise/Pasta_Compartilhada_SD/Ahmes/datapath.vhd" into library work
Parsing entity <datapath>.
Parsing architecture <Behavioral> of entity <datapath>.
Parsing VHDL file "/home/ise/Pasta_Compartilhada_SD/Ahmes/Controle.vhd" into library work
Parsing entity <Controle>.
Parsing architecture <Behavioral> of entity <controle>.
Parsing VHDL file "/home/ise/Pasta_Compartilhada_SD/Ahmes/main.vhd" into library work
Parsing entity <main>.
Parsing architecture <Behavioral> of entity <main>.

=========================================================================
*                            HDL Elaboration                            *
=========================================================================

Elaborating entity <main> (architecture <Behavioral>) from library <work>.

Elaborating entity <datapath> (architecture <Behavioral>) from library <work>.

Elaborating entity <memoria> (architecture <memoria_a>) from library <work>.

Elaborating entity <Controle> (architecture <Behavioral>) from library <work>.
WARNING:HDLCompiler:871 - "/home/ise/Pasta_Compartilhada_SD/Ahmes/Controle.vhd" Line 44: Using initial value t0 for estado since it is never assigned
WARNING:HDLCompiler:1127 - "/home/ise/Pasta_Compartilhada_SD/Ahmes/Controle.vhd" Line 49: Assignment to proxestado ignored, since the identifier is never used

=========================================================================
*                           HDL Synthesis                               *
=========================================================================

Synthesizing Unit <main>.
    Related source file is "/home/ise/Pasta_Compartilhada_SD/Ahmes/main.vhd".
    Summary:
	no macro.
Unit <main> synthesized.

Synthesizing Unit <datapath>.
    Related source file is "/home/ise/Pasta_Compartilhada_SD/Ahmes/datapath.vhd".
    Found 1-bit register for signal <flagN>.
    Found 1-bit register for signal <flagZ>.
    Found 1-bit register for signal <flagV>.
    Found 1-bit register for signal <flagC>.
    Found 1-bit register for signal <flagB>.
    Found 8-bit register for signal <regAC>.
    Found 8-bit register for signal <regRDM>.
    Found 8-bit register for signal <regREM>.
    Found 8-bit register for signal <regRI>.
    Found 8-bit register for signal <regPC>.
    Found 8-bit adder for signal <regPC[7]_GND_7_o_add_4_OUT> created at line 109.
    Found 8-bit adder for signal <XULA[7]_YULA[7]_add_46_OUT> created at line 311.
    Found 8-bit subtractor for signal <GND_7_o_GND_7_o_sub_51_OUT<7:0>> created at line 323.
    Found 9-bit 10-to-1 multiplexer for signal <opULA> created at line 306.
    Found 4-bit comparator greater for signal <n0026> created at line 211
    Found 4-bit comparator greater for signal <n0031> created at line 221
    Summary:
	inferred   3 Adder/Subtractor(s).
	inferred  45 D-type flip-flop(s).
	inferred   2 Comparator(s).
	inferred   8 Multiplexer(s).
Unit <datapath> synthesized.

Synthesizing Unit <Controle>.
    Related source file is "/home/ise/Pasta_Compartilhada_SD/Ahmes/Controle.vhd".
WARNING:Xst:647 - Input <regriDECOD> is never used. This port will be preserved and left unconnected if it belongs to a top-level block or it belongs to a sub-block and the hierarchy of this sub-block is preserved.
WARNING:Xst:647 - Input <regN> is never used. This port will be preserved and left unconnected if it belongs to a top-level block or it belongs to a sub-block and the hierarchy of this sub-block is preserved.
WARNING:Xst:647 - Input <regZ> is never used. This port will be preserved and left unconnected if it belongs to a top-level block or it belongs to a sub-block and the hierarchy of this sub-block is preserved.
WARNING:Xst:647 - Input <regV> is never used. This port will be preserved and left unconnected if it belongs to a top-level block or it belongs to a sub-block and the hierarchy of this sub-block is preserved.
WARNING:Xst:647 - Input <regC> is never used. This port will be preserved and left unconnected if it belongs to a top-level block or it belongs to a sub-block and the hierarchy of this sub-block is preserved.
WARNING:Xst:647 - Input <regB> is never used. This port will be preserved and left unconnected if it belongs to a top-level block or it belongs to a sub-block and the hierarchy of this sub-block is preserved.
WARNING:Xst:653 - Signal <cargaAC> is used but never assigned. This sourceless signal will be automatically connected to value GND.
    Found 1-bit register for signal <cargaREM>.
    WARNING:Xst:2404 -  FFs/Latches <selMUXREM<0:0>> (without init value) have a constant value of 0 in block <Controle>.
    Summary:
	inferred   1 D-type flip-flop(s).
Unit <Controle> synthesized.

=========================================================================
HDL Synthesis Report

Macro Statistics
# Adders/Subtractors                                   : 3
 8-bit adder                                           : 2
 8-bit subtractor                                      : 1
# Registers                                            : 11
 1-bit register                                        : 6
 8-bit register                                        : 5
# Comparators                                          : 2
 4-bit comparator greater                              : 2
# Multiplexers                                         : 8
 1-bit 2-to-1 multiplexer                              : 3
 24-bit 2-to-1 multiplexer                             : 1
 8-bit 2-to-1 multiplexer                              : 3
 9-bit 10-to-1 multiplexer                             : 1

=========================================================================

=========================================================================
*                       Advanced HDL Synthesis                          *
=========================================================================

WARNING:Xst - The specified part-type was not generated at build time. XST is loading the full part-type and will therefore consume more CPU and memory.
Loading device for application Rf_Device from file '7a100t.nph' in environment /opt/Xilinx/14.7/ISE_DS/ISE/.
Reading core <ipcore_dir/memoria.ngc>.
Loading core <memoria> for timing and area information for instance <mem>.
Loading device for application Rf_Device from file '7a100t.nph' in environment /opt/Xilinx/14.7/ISE_DS/ISE/.
WARNING:Xst:1710 - FF/Latch <flagC> (without init value) has a constant value of 0 in block <PO>. This FF/Latch will be trimmed during the optimization process.
WARNING:Xst:1710 - FF/Latch <regPC_7> (without init value) has a constant value of 0 in block <PO>. This FF/Latch will be trimmed during the optimization process.
WARNING:Xst:1710 - FF/Latch <regPC_6> (without init value) has a constant value of 0 in block <PO>. This FF/Latch will be trimmed during the optimization process.
WARNING:Xst:1710 - FF/Latch <regPC_5> (without init value) has a constant value of 0 in block <PO>. This FF/Latch will be trimmed during the optimization process.
WARNING:Xst:1710 - FF/Latch <regPC_4> (without init value) has a constant value of 0 in block <PO>. This FF/Latch will be trimmed during the optimization process.
WARNING:Xst:1710 - FF/Latch <regPC_3> (without init value) has a constant value of 0 in block <PO>. This FF/Latch will be trimmed during the optimization process.
WARNING:Xst:1710 - FF/Latch <regPC_2> (without init value) has a constant value of 0 in block <PO>. This FF/Latch will be trimmed during the optimization process.
WARNING:Xst:1710 - FF/Latch <regPC_1> (without init value) has a constant value of 0 in block <PO>. This FF/Latch will be trimmed during the optimization process.
WARNING:Xst:1710 - FF/Latch <regPC_0> (without init value) has a constant value of 0 in block <PO>. This FF/Latch will be trimmed during the optimization process.
WARNING:Xst:1710 - FF/Latch <regRDM_7> (without init value) has a constant value of 0 in block <PO>. This FF/Latch will be trimmed during the optimization process.
WARNING:Xst:1710 - FF/Latch <regRDM_6> (without init value) has a constant value of 0 in block <PO>. This FF/Latch will be trimmed during the optimization process.
WARNING:Xst:1710 - FF/Latch <regRDM_5> (without init value) has a constant value of 0 in block <PO>. This FF/Latch will be trimmed during the optimization process.
WARNING:Xst:1710 - FF/Latch <regRDM_4> (without init value) has a constant value of 0 in block <PO>. This FF/Latch will be trimmed during the optimization process.
WARNING:Xst:1710 - FF/Latch <regRDM_3> (without init value) has a constant value of 0 in block <PO>. This FF/Latch will be trimmed during the optimization process.
WARNING:Xst:1710 - FF/Latch <regRDM_2> (without init value) has a constant value of 0 in block <PO>. This FF/Latch will be trimmed during the optimization process.
WARNING:Xst:1710 - FF/Latch <regRDM_1> (without init value) has a constant value of 0 in block <PO>. This FF/Latch will be trimmed during the optimization process.
WARNING:Xst:1710 - FF/Latch <regRDM_0> (without init value) has a constant value of 0 in block <PO>. This FF/Latch will be trimmed during the optimization process.
WARNING:Xst:1710 - FF/Latch <regAC_7> (without init value) has a constant value of 0 in block <PO>. This FF/Latch will be trimmed during the optimization process.
WARNING:Xst:1710 - FF/Latch <regAC_6> (without init value) has a constant value of 0 in block <PO>. This FF/Latch will be trimmed during the optimization process.
WARNING:Xst:1710 - FF/Latch <regAC_5> (without init value) has a constant value of 0 in block <PO>. This FF/Latch will be trimmed during the optimization process.
WARNING:Xst:1710 - FF/Latch <regAC_4> (without init value) has a constant value of 0 in block <PO>. This FF/Latch will be trimmed during the optimization process.
WARNING:Xst:1710 - FF/Latch <regAC_3> (without init value) has a constant value of 0 in block <PO>. This FF/Latch will be trimmed during the optimization process.
WARNING:Xst:1710 - FF/Latch <regAC_2> (without init value) has a constant value of 0 in block <PO>. This FF/Latch will be trimmed during the optimization process.
WARNING:Xst:1710 - FF/Latch <regAC_1> (without init value) has a constant value of 0 in block <PO>. This FF/Latch will be trimmed during the optimization process.
WARNING:Xst:1710 - FF/Latch <regAC_0> (without init value) has a constant value of 0 in block <PO>. This FF/Latch will be trimmed during the optimization process.

Synthesizing (advanced) Unit <datapath>.
The following registers are absorbed into counter <regPC>: 1 register on signal <regPC>.
Unit <datapath> synthesized (advanced).

=========================================================================
Advanced HDL Synthesis Report

Macro Statistics
# Adders/Subtractors                                   : 2
 8-bit adder                                           : 1
 8-bit subtractor                                      : 1
# Counters                                             : 1
 8-bit up counter                                      : 1
# Registers                                            : 38
 Flip-Flops                                            : 38
# Comparators                                          : 2
 4-bit comparator greater                              : 2
# Multiplexers                                         : 7
 1-bit 2-to-1 multiplexer                              : 3
 24-bit 2-to-1 multiplexer                             : 1
 8-bit 2-to-1 multiplexer                              : 2
 9-bit 10-to-1 multiplexer                             : 1

=========================================================================

=========================================================================
*                         Low Level Synthesis                           *
=========================================================================
INFO:Xst:2261 - The FF/Latch <flagN> in Unit <datapath> is equivalent to the following FF/Latch, which will be removed : <regAC_7> 
WARNING:Xst:1710 - FF/Latch <regRDM_7> (without init value) has a constant value of 0 in block <datapath>. This FF/Latch will be trimmed during the optimization process.
WARNING:Xst:1895 - Due to other FF/Latch trimming, FF/Latch <regRDM_6> (without init value) has a constant value of 0 in block <datapath>. This FF/Latch will be trimmed during the optimization process.
WARNING:Xst:1895 - Due to other FF/Latch trimming, FF/Latch <regRDM_5> (without init value) has a constant value of 0 in block <datapath>. This FF/Latch will be trimmed during the optimization process.
WARNING:Xst:1895 - Due to other FF/Latch trimming, FF/Latch <regRDM_4> (without init value) has a constant value of 0 in block <datapath>. This FF/Latch will be trimmed during the optimization process.
WARNING:Xst:1895 - Due to other FF/Latch trimming, FF/Latch <regRDM_3> (without init value) has a constant value of 0 in block <datapath>. This FF/Latch will be trimmed during the optimization process.
WARNING:Xst:1895 - Due to other FF/Latch trimming, FF/Latch <regRDM_2> (without init value) has a constant value of 0 in block <datapath>. This FF/Latch will be trimmed during the optimization process.
WARNING:Xst:1895 - Due to other FF/Latch trimming, FF/Latch <regRDM_1> (without init value) has a constant value of 0 in block <datapath>. This FF/Latch will be trimmed during the optimization process.
WARNING:Xst:1895 - Due to other FF/Latch trimming, FF/Latch <regRDM_0> (without init value) has a constant value of 0 in block <datapath>. This FF/Latch will be trimmed during the optimization process.
WARNING:Xst:1895 - Due to other FF/Latch trimming, FF/Latch <flagV> (without init value) has a constant value of 0 in block <datapath>. This FF/Latch will be trimmed during the optimization process.
WARNING:Xst:1895 - Due to other FF/Latch trimming, FF/Latch <regAC_6> (without init value) has a constant value of 0 in block <datapath>. This FF/Latch will be trimmed during the optimization process.
WARNING:Xst:1895 - Due to other FF/Latch trimming, FF/Latch <flagZ> (without init value) has a constant value of 0 in block <datapath>. This FF/Latch will be trimmed during the optimization process.
WARNING:Xst:1895 - Due to other FF/Latch trimming, FF/Latch <flagC> (without init value) has a constant value of 0 in block <datapath>. This FF/Latch will be trimmed during the optimization process.
WARNING:Xst:1895 - Due to other FF/Latch trimming, FF/Latch <flagB> (without init value) has a constant value of 0 in block <datapath>. This FF/Latch will be trimmed during the optimization process.
WARNING:Xst:1895 - Due to other FF/Latch trimming, FF/Latch <flagN> (without init value) has a constant value of 0 in block <datapath>. This FF/Latch will be trimmed during the optimization process.
WARNING:Xst:1895 - Due to other FF/Latch trimming, FF/Latch <regAC_0> (without init value) has a constant value of 0 in block <datapath>. This FF/Latch will be trimmed during the optimization process.
WARNING:Xst:1895 - Due to other FF/Latch trimming, FF/Latch <regAC_1> (without init value) has a constant value of 0 in block <datapath>. This FF/Latch will be trimmed during the optimization process.
WARNING:Xst:1895 - Due to other FF/Latch trimming, FF/Latch <regAC_2> (without init value) has a constant value of 0 in block <datapath>. This FF/Latch will be trimmed during the optimization process.
WARNING:Xst:1895 - Due to other FF/Latch trimming, FF/Latch <regAC_3> (without init value) has a constant value of 0 in block <datapath>. This FF/Latch will be trimmed during the optimization process.
WARNING:Xst:1895 - Due to other FF/Latch trimming, FF/Latch <regAC_4> (without init value) has a constant value of 0 in block <datapath>. This FF/Latch will be trimmed during the optimization process.
WARNING:Xst:1895 - Due to other FF/Latch trimming, FF/Latch <regAC_5> (without init value) has a constant value of 0 in block <datapath>. This FF/Latch will be trimmed during the optimization process.
WARNING:Xst:1895 - Due to other FF/Latch trimming, FF/Latch <regRI_0> (without init value) has a constant value of 0 in block <datapath>. This FF/Latch will be trimmed during the optimization process.
WARNING:Xst:1895 - Due to other FF/Latch trimming, FF/Latch <regRI_1> (without init value) has a constant value of 0 in block <datapath>. This FF/Latch will be trimmed during the optimization process.
WARNING:Xst:1895 - Due to other FF/Latch trimming, FF/Latch <regRI_2> (without init value) has a constant value of 0 in block <datapath>. This FF/Latch will be trimmed during the optimization process.
WARNING:Xst:1895 - Due to other FF/Latch trimming, FF/Latch <regRI_3> (without init value) has a constant value of 0 in block <datapath>. This FF/Latch will be trimmed during the optimization process.
WARNING:Xst:1895 - Due to other FF/Latch trimming, FF/Latch <regRI_4> (without init value) has a constant value of 0 in block <datapath>. This FF/Latch will be trimmed during the optimization process.
WARNING:Xst:1895 - Due to other FF/Latch trimming, FF/Latch <regRI_5> (without init value) has a constant value of 0 in block <datapath>. This FF/Latch will be trimmed during the optimization process.
WARNING:Xst:1895 - Due to other FF/Latch trimming, FF/Latch <regRI_6> (without init value) has a constant value of 0 in block <datapath>. This FF/Latch will be trimmed during the optimization process.
WARNING:Xst:1895 - Due to other FF/Latch trimming, FF/Latch <regRI_7> (without init value) has a constant value of 0 in block <datapath>. This FF/Latch will be trimmed during the optimization process.
WARNING:Xst:1710 - FF/Latch <regREM_0> (without init value) has a constant value of 0 in block <datapath>. This FF/Latch will be trimmed during the optimization process.
WARNING:Xst:1895 - Due to other FF/Latch trimming, FF/Latch <regREM_1> (without init value) has a constant value of 0 in block <datapath>. This FF/Latch will be trimmed during the optimization process.
WARNING:Xst:1895 - Due to other FF/Latch trimming, FF/Latch <regREM_2> (without init value) has a constant value of 0 in block <datapath>. This FF/Latch will be trimmed during the optimization process.
WARNING:Xst:1895 - Due to other FF/Latch trimming, FF/Latch <regREM_3> (without init value) has a constant value of 0 in block <datapath>. This FF/Latch will be trimmed during the optimization process.
WARNING:Xst:1895 - Due to other FF/Latch trimming, FF/Latch <regREM_4> (without init value) has a constant value of 0 in block <datapath>. This FF/Latch will be trimmed during the optimization process.
WARNING:Xst:1895 - Due to other FF/Latch trimming, FF/Latch <regREM_5> (without init value) has a constant value of 0 in block <datapath>. This FF/Latch will be trimmed during the optimization process.
WARNING:Xst:1895 - Due to other FF/Latch trimming, FF/Latch <regREM_6> (without init value) has a constant value of 0 in block <datapath>. This FF/Latch will be trimmed during the optimization process.
WARNING:Xst:1895 - Due to other FF/Latch trimming, FF/Latch <regREM_7> (without init value) has a constant value of 0 in block <datapath>. This FF/Latch will be trimmed during the optimization process.
WARNING:Xst:2677 - Node <regPC_0> of sequential type is unconnected in block <datapath>.
WARNING:Xst:2677 - Node <regPC_1> of sequential type is unconnected in block <datapath>.
WARNING:Xst:2677 - Node <regPC_2> of sequential type is unconnected in block <datapath>.
WARNING:Xst:2677 - Node <regPC_3> of sequential type is unconnected in block <datapath>.
WARNING:Xst:2677 - Node <regPC_4> of sequential type is unconnected in block <datapath>.
WARNING:Xst:2677 - Node <regPC_5> of sequential type is unconnected in block <datapath>.
WARNING:Xst:2677 - Node <regPC_6> of sequential type is unconnected in block <datapath>.
WARNING:Xst:2677 - Node <regPC_7> of sequential type is unconnected in block <datapath>.
WARNING:Xst:2677 - Node <PC/cargaREM> of sequential type is unconnected in block <main>.

Optimizing unit <main> ...

Mapping all equations...
Building and optimizing final netlist ...
Found area constraint ratio of 100 (+ 5) on block main, actual ratio is 0.

Final Macro Processing ...

=========================================================================
Final Register Report

Found no macro
=========================================================================

=========================================================================
*                           Partition Report                            *
=========================================================================

Partition Implementation Status
-------------------------------

  No Partitions were found in this design.

-------------------------------

=========================================================================
*                            Design Summary                             *
=========================================================================

Top Level Output File Name         : main.ngc

Primitive and Black Box Usage:
------------------------------
# BELS                             : 3
#      GND                         : 2
#      VCC                         : 1
# RAMS                             : 1
#      RAMB18E1                    : 1
# Clock Buffers                    : 1
#      BUFGP                       : 1
# IO Buffers                       : 8
#      OBUF                        : 8

Device utilization summary:
---------------------------

Selected Device : 7a100tlcsg324-2l 


Slice Logic Utilization: 

Slice Logic Distribution: 
 Number of LUT Flip Flop pairs used:      0
   Number with an unused Flip Flop:       0  out of      0         
   Number with an unused LUT:             0  out of      0         
   Number of fully used LUT-FF pairs:     0  out of      0         
   Number of unique control sets:         0

IO Utilization: 
 Number of IOs:                          10
 Number of bonded IOBs:                   9  out of    210     4%  

Specific Feature Utilization:
 Number of Block RAM/FIFO:                1  out of    135     0%  
    Number using Block RAM only:          1
 Number of BUFG/BUFGCTRLs:                1  out of     32     3%  

---------------------------
Partition Resource Summary:
---------------------------

  No Partitions were found in this design.

---------------------------


=========================================================================
Timing Report

NOTE: THESE TIMING NUMBERS ARE ONLY A SYNTHESIS ESTIMATE.
      FOR ACCURATE TIMING INFORMATION PLEASE REFER TO THE TRACE REPORT
      GENERATED AFTER PLACE-and-ROUTE.

Clock Information:
------------------
-----------------------------------+------------------------+-------+
Clock Signal                       | Clock buffer(FF name)  | Load  |
-----------------------------------+------------------------+-------+
CLK                                | BUFGP                  | 1     |
-----------------------------------+------------------------+-------+

Asynchronous Control Signals Information:
----------------------------------------
No asynchronous control signals found in this design

Timing Summary:
---------------
Speed Grade: -2

   Minimum period: No path found
   Minimum input arrival time before clock: No path found
   Maximum output required time after clock: 3.209ns
   Maximum combinational path delay: No path found

Timing Details:
---------------
All values displayed in nanoseconds (ns)

=========================================================================
Timing constraint: Default OFFSET OUT AFTER for Clock 'CLK'
  Total number of paths / destination ports: 8 / 8
-------------------------------------------------------------------------
Offset:              3.209ns (Levels of Logic = 2)
  Source:            PO/mem/U0/xst_blk_mem_generator/gnativebmg.native_blk_mem_gen/valid.cstr/ramloop[0].ram.r/v6_init.ram/NO_BMM_INFO.SP.WIDE_PRIM18.ram (RAM)
  Destination:       mainOUT<7> (PAD)
  Source Clock:      CLK rising

  Data Path: PO/mem/U0/xst_blk_mem_generator/gnativebmg.native_blk_mem_gen/valid.cstr/ramloop[0].ram.r/v6_init.ram/NO_BMM_INFO.SP.WIDE_PRIM18.ram to mainOUT<7>
                                Gate     Net
    Cell:in->out      fanout   Delay   Delay  Logical Name (Net Name)
    ----------------------------------------  ------------
     RAMB18E1:CLKARDCLK->DOADO7    1   2.870   0.339  U0/xst_blk_mem_generator/gnativebmg.native_blk_mem_gen/valid.cstr/ramloop[0].ram.r/v6_init.ram/NO_BMM_INFO.SP.WIDE_PRIM18.ram (douta<7>)
     end scope: 'PO/mem:douta<7>'
     OBUF:I->O                 0.000          mainOUT_7_OBUF (mainOUT<7>)
    ----------------------------------------
    Total                      3.209ns (2.870ns logic, 0.339ns route)
                                       (89.4% logic, 10.6% route)

=========================================================================

Cross Clock Domains Report:
--------------------------

=========================================================================


Total REAL time to Xst completion: 53.00 secs
Total CPU time to Xst completion: 49.27 secs
 
--> 


Total memory usage is 954044 kilobytes

Number of errors   :    0 (   0 filtered)
Number of warnings :   81 (   0 filtered)
Number of infos    :    1 (   0 filtered)

